=== LOG DE BUSQUEDA DE IMAGENES ===


----- Producto: iphone 12 -----
Nombre base generado: iphone_12
Buscando en: C:\xampp\htdocs\PWD_TPFinal\Vista/imagenes/
Probando: C:\xampp\htdocs\PWD_TPFinal\Vista/imagenes/iphone_12.jpg ... ENCONTRADO

----- Producto: iphone 12 -----
Nombre base generado: iphone_12
Buscando en dir: C:\xampp\htdocs\PWD_TPFinal\Vista\imagenes\
Base URL candidata: /PWD_TPFinal/Vista/imagenes/
Probando: C:\xampp\htdocs\PWD_TPFinal\Vista\imagenes\iphone_12.jpg ... ENCONTRADO

----- Producto: iphone 12 -----
Nombre base generado: iphone_12
Buscando en dir: C:\xampp\htdocs\PWD_TPFinal\Vista\imagenes\
Base URL candidata: /PWD_TPFinal/Vista/imagenes/
Probando: C:\xampp\htdocs\PWD_TPFinal\Vista\imagenes\iphone_12.jpg ... ENCONTRADO

----- Producto: iphone 12 -----
Nombre base generado: iphone_12
Buscando en dir: C:\xampp\htdocs\PWD_TPFinal\Vista\imagenes\
Base URL candidata: /PWD_TPFinal/Vista/imagenes/
Probando: C:\xampp\htdocs\PWD_TPFinal\Vista\imagenes\iphone_12.jpg ... ENCONTRADO

----- Producto: iphone 12 -----
Nombre base generado: iphone_12
Buscando en dir: C:\xampp\htdocs\PWD_TPFinal\Vista\imagenes\
Base URL candidata: /PWD_TPFinal/Vista/imagenes/
Probando: C:\xampp\htdocs\PWD_TPFinal\Vista\imagenes\iphone_12.jpg ... ENCONTRADO

----- Producto: iphone 12 -----
Nombre base generado: iphone_12
Buscando en dir: C:\xampp\htdocs\PWD_TPFinal\Vista\imagenes\
Base URL candidata: /PWD_TPFinal/Vista/imagenes/
Probando: C:\xampp\htdocs\PWD_TPFinal\Vista\imagenes\iphone_12.jpg ... ENCONTRADO

----- Producto: iphone 12 -----
Nombre base generado: iphone_12
Buscando en dir: C:\xampp\htdocs\PWD_TPFinal\Vista\imagenes\
Base URL candidata: /PWD_TPFinal/Vista/imagenes/
Probando: C:\xampp\htdocs\PWD_TPFinal\Vista\imagenes\iphone_12.jpg ... ENCONTRADO

----- Producto: iphone 12 -----
Nombre base generado: iphone_12
Buscando en dir: C:\xampp\htdocs\PWD_TPFinal\Vista\imagenes\
Base URL candidata: /PWD_TPFinal/Vista/imagenes/
Probando: C:\xampp\htdocs\PWD_TPFinal\Vista\imagenes\iphone_12.jpg ... ENCONTRADO

----- Producto: iphone 12 -----
Nombre base generado: iphone_12
Buscando en dir: C:\xampp\htdocs\PWD_TPFinal\Vista\imagenes\
Base URL candidata: /PWD_TPFinal/Vista/imagenes/
Probando: C:\xampp\htdocs\PWD_TPFinal\Vista\imagenes\iphone_12.jpg ... ENCONTRADO

----- Producto: iphone 12 -----
Nombre base generado: iphone_12
Buscando en dir: C:\xampp\htdocs\PWD_TPFinal\Vista\imagenes\
Base URL candidata: /PWD_TPFinal/Vista/imagenes/
Probando: C:\xampp\htdocs\PWD_TPFinal\Vista\imagenes\iphone_12.jpg ... ENCONTRADO

----- Producto: xiaomi 13 -----
Nombre base generado: xiaomi_13
Buscando en dir: C:\xampp\htdocs\PWD_TPFinal\Vista\imagenes\
Base URL candidata: /PWD_TPFinal/Vista/imagenes/
Probando: C:\xampp\htdocs\PWD_TPFinal\Vista\imagenes\xiaomi_13.jpg ... ENCONTRADO

----- Producto: xiaomi 13 -----
Nombre base generado: xiaomi_13
Buscando en dir: C:\xampp\htdocs\PWD_TPFinal\Vista\imagenes\
Base URL candidata: /PWD_TPFinal/Vista/imagenes/
Probando: C:\xampp\htdocs\PWD_TPFinal\Vista\imagenes\xiaomi_13.jpg ... ENCONTRADO

----- Producto: iphone 12 -----
Nombre base generado: iphone_12
Buscando en dir: C:\xampp\htdocs\PWD_TPFinal\Vista\imagenes\
Base URL candidata: /PWD_TPFinal/Vista/imagenes/
Probando: C:\xampp\htdocs\PWD_TPFinal\Vista\imagenes\iphone_12.jpg ... ENCONTRADO

----- Producto: xiaomi 13 -----
Nombre base generado: xiaomi_13
Buscando en dir: C:\xampp\htdocs\PWD_TPFinal\Vista\imagenes\
Base URL candidata: /PWD_TPFinal/Vista/imagenes/
Probando: C:\xampp\htdocs\PWD_TPFinal\Vista\imagenes\xiaomi_13.jpg ... ENCONTRADO

----- Producto: iphone 12 -----
Nombre base generado: iphone_12
Buscando en dir: C:\xampp\htdocs\PWD_TPFinal\Vista\imagenes\
Base URL candidata: /PWD_TPFinal/Vista/imagenes/
Probando: C:\xampp\htdocs\PWD_TPFinal\Vista\imagenes\iphone_12.jpg ... ENCONTRADO

----- Producto: xiaomi 13 -----
Nombre base generado: xiaomi_13
Buscando en dir: C:\xampp\htdocs\PWD_TPFinal\Vista\imagenes\
Base URL candidata: /PWD_TPFinal/Vista/imagenes/
Probando: C:\xampp\htdocs\PWD_TPFinal\Vista\imagenes\xiaomi_13.jpg ... ENCONTRADO

----- Producto: xiaomi 13 -----
Nombre base generado: xiaomi_13
Buscando en dir: C:\xampp\htdocs\PWD_TPFinal\Vista\imagenes\
Base URL candidata: /PWD_TPFinal/Vista/imagenes/
Probando: C:\xampp\htdocs\PWD_TPFinal\Vista\imagenes\xiaomi_13.jpg ... ENCONTRADO

----- Producto: iphone 12 -----
Nombre base generado: iphone_12
Buscando en dir: C:\xampp\htdocs\PWD_TPFinal\Vista\imagenes\
Base URL candidata: /PWD_TPFinal/Vista/imagenes/
Probando: C:\xampp\htdocs\PWD_TPFinal\Vista\imagenes\iphone_12.jpg ... ENCONTRADO

----- Producto: iphone 12 -----
Nombre base generado: iphone_12
Buscando en dir: C:\xampp\htdocs\PWD_TPFinal\Vista\imagenes\
Base URL candidata: /PWD_TPFinal/Vista/imagenes/
Probando: C:\xampp\htdocs\PWD_TPFinal\Vista\imagenes\iphone_12.jpg ... ENCONTRADO
<<<<<<< HEAD
=======

----- Producto: xiaomi 13 -----
Nombre base generado: xiaomi_13
Buscando en dir: C:\xampp\htdocs\PWD_TPFinal\Vista\imagenes\
Base URL candidata: /PWD_TPFinal/Vista/imagenes/
Probando: C:\xampp\htdocs\PWD_TPFinal\Vista\imagenes\xiaomi_13.jpg ... ENCONTRADO

----- Producto: s25 ultra -----
Nombre base generado: s25_ultra
Buscando en dir: C:\xampp\htdocs\PWD_TPFinal\Vista\imagenes\
Base URL candidata: /PWD_TPFinal/Vista/imagenes/
Probando: C:\xampp\htdocs\PWD_TPFinal\Vista\imagenes\s25_ultra.jpg ... ENCONTRADO
>>>>>>> f371c90bdbcdbac5c1afcfaed7a37b01f6e19e58

----- Producto: iphone 12 -----
Nombre base generado: iphone_12
Buscando en dir: C:\xampp\htdocs\PWD_TPFinal\Vista\imagenes\
Base URL candidata: /PWD_TPFinal/Vista/imagenes/
Probando: C:\xampp\htdocs\PWD_TPFinal\Vista\imagenes\iphone_12.jpg ... ENCONTRADO

----- Producto: iphone 12 -----
Nombre base generado: iphone_12
Buscando en dir: C:\xampp\htdocs\PWD_TPFinal\Vista\imagenes\
Base URL candidata: /PWD_TPFinal/Vista/imagenes/
Probando: C:\xampp\htdocs\PWD_TPFinal\Vista\imagenes\iphone_12.jpg ... ENCONTRADO

----- Producto: iphone 12 -----
Nombre base generado: iphone_12
Buscando en dir: C:\xampp\htdocs\PWD_TPFinal\Vista\imagenes\
Base URL candidata: /PWD_TPFinal/Vista/imagenes/
Probando: C:\xampp\htdocs\PWD_TPFinal\Vista\imagenes\iphone_12.jpg ... ENCONTRADO

----- Producto: iphone 12 -----
Nombre base generado: iphone_12
Buscando en dir: C:\xampp\htdocs\PWD_TPFinal\Vista\imagenes\
Base URL candidata: /PWD_TPFinal/Vista/imagenes/
Probando: C:\xampp\htdocs\PWD_TPFinal\Vista\imagenes\iphone_12.jpg ... ENCONTRADO

----- Producto: iphone 12 -----
Nombre base generado: iphone_12
Buscando en dir: C:\xampp\htdocs\PWD_TPFinal\Vista\imagenes\
Base URL candidata: /PWD_TPFinal/Vista/imagenes/
Probando: C:\xampp\htdocs\PWD_TPFinal\Vista\imagenes\iphone_12.jpg ... ENCONTRADO

----- Producto: iphone 12 -----
Nombre base generado: iphone_12
Buscando en dir: C:\xampp\htdocs\PWD_TPFinal\Vista\imagenes\
Base URL candidata: /PWD_TPFinal/Vista/imagenes/
Probando: C:\xampp\htdocs\PWD_TPFinal\Vista\imagenes\iphone_12.jpg ... ENCONTRADO

----- Producto: iphone 12 -----
Nombre base generado: iphone_12
Buscando en dir: C:\xampp\htdocs\PWD_TPFinal\Vista\imagenes\
Base URL candidata: /PWD_TPFinal/Vista/imagenes/
Probando: C:\xampp\htdocs\PWD_TPFinal\Vista\imagenes\iphone_12.jpg ... ENCONTRADO

----- Producto: iphone 12 -----
Nombre base generado: iphone_12
Buscando en dir: C:\xampp\htdocs\PWD_TPFinal\Vista\imagenes\
Base URL candidata: /PWD_TPFinal/Vista/imagenes/
Probando: C:\xampp\htdocs\PWD_TPFinal\Vista\imagenes\iphone_12.jpg ... ENCONTRADO

----- Producto: iphone 12 -----
Nombre base generado: iphone_12
Buscando en dir: C:\xampp\htdocs\PWD_TPFinal\Vista\imagenes\
Base URL candidata: /PWD_TPFinal/Vista/imagenes/
Probando: C:\xampp\htdocs\PWD_TPFinal\Vista\imagenes\iphone_12.jpg ... ENCONTRADO

----- Producto: iphone 12 -----
Nombre base generado: iphone_12
Buscando en dir: C:\xampp\htdocs\PWD_TPFinal\Vista\imagenes\
Base URL candidata: /PWD_TPFinal/Vista/imagenes/
Probando: C:\xampp\htdocs\PWD_TPFinal\Vista\imagenes\iphone_12.jpg ... ENCONTRADO

----- Producto: s25 ultra -----
Nombre base generado: s25_ultra
Buscando en dir: C:\xampp\htdocs\PWD_TPFinal\Vista\imagenes\
Base URL candidata: /PWD_TPFinal/Vista/imagenes/
Probando: C:\xampp\htdocs\PWD_TPFinal\Vista\imagenes\s25_ultra.jpg ... ENCONTRADO

----- Producto: s25 ultra -----
Nombre base generado: s25_ultra
Buscando en dir: C:\xampp\htdocs\PWD_TPFinal\Vista\imagenes\
Base URL candidata: /PWD_TPFinal/Vista/imagenes/
Probando: C:\xampp\htdocs\PWD_TPFinal\Vista\imagenes\s25_ultra.jpg ... ENCONTRADO

----- Producto: iphone 12 -----
Nombre base generado: iphone_12
Buscando en dir: C:\xampp\htdocs\PWD_TPFinal\Vista\imagenes\
Base URL candidata: /PWD_TPFinal/Vista/imagenes/
Probando: C:\xampp\htdocs\PWD_TPFinal\Vista\imagenes\iphone_12.jpg ... ENCONTRADO

----- Producto: s25 ultra -----
Nombre base generado: s25_ultra
Buscando en dir: C:\xampp\htdocs\PWD_TPFinal\Vista\imagenes\
Base URL candidata: /PWD_TPFinal/Vista/imagenes/
Probando: C:\xampp\htdocs\PWD_TPFinal\Vista\imagenes\s25_ultra.jpg ... ENCONTRADO

----- Producto: xiaomi 13 -----
Nombre base generado: xiaomi_13
Buscando en dir: C:\xampp\htdocs\PWD_TPFinal\Vista\imagenes\
Base URL candidata: /PWD_TPFinal/Vista/imagenes/
Probando: C:\xampp\htdocs\PWD_TPFinal\Vista\imagenes\xiaomi_13.jpg ... ENCONTRADO

----- Producto: xiaomi 13 -----
Nombre base generado: xiaomi_13
Buscando en dir: C:\xampp\htdocs\PWD_TPFinal\Vista\imagenes\
Base URL candidata: /PWD_TPFinal/Vista/imagenes/
Probando: C:\xampp\htdocs\PWD_TPFinal\Vista\imagenes\xiaomi_13.jpg ... ENCONTRADO

----- Producto: s25 ultra -----
Nombre base generado: s25_ultra
Buscando en dir: C:\xampp\htdocs\PWD_TPFinal\Vista\imagenes\
Base URL candidata: /PWD_TPFinal/Vista/imagenes/
Probando: C:\xampp\htdocs\PWD_TPFinal\Vista\imagenes\s25_ultra.jpg ... ENCONTRADO

----- Producto: s24 ultra -----
Nombre base generado: s24_ultra
Buscando en dir: C:\xampp\htdocs\PWD_TPFinal\Vista\imagenes\
Base URL candidata: /PWD_TPFinal/Vista/imagenes/
Probando: C:\xampp\htdocs\PWD_TPFinal\Vista\imagenes\s24_ultra.jpg ... no existe
Probando: C:\xampp\htdocs\PWD_TPFinal\Vista\imagenes\s24_ultra.jpeg ... no existe
Probando: C:\xampp\htdocs\PWD_TPFinal\Vista\imagenes\s24_ultra.png ... no existe
Probando: C:\xampp\htdocs\PWD_TPFinal\Vista\imagenes\s24_ultra.webp ... no existe
>> Imagen NO encontrada, usando no-image.jpeg

----- Producto: s25 ultra -----
Nombre base generado: s25_ultra
Buscando en dir: C:\xampp\htdocs\PWD_TPFinal\Vista\imagenes\
Base URL candidata: /PWD_TPFinal/Vista/imagenes/
Probando: C:\xampp\htdocs\PWD_TPFinal\Vista\imagenes\s25_ultra.jpg ... ENCONTRADO

----- Producto: s24 ultra -----
Nombre base generado: s24_ultra
Buscando en dir: C:\xampp\htdocs\PWD_TPFinal\Vista\imagenes\
Base URL candidata: /PWD_TPFinal/Vista/imagenes/
Probando: C:\xampp\htdocs\PWD_TPFinal\Vista\imagenes\s24_ultra.jpg ... no existe
Probando: C:\xampp\htdocs\PWD_TPFinal\Vista\imagenes\s24_ultra.jpeg ... no existe
Probando: C:\xampp\htdocs\PWD_TPFinal\Vista\imagenes\s24_ultra.png ... no existe
Probando: C:\xampp\htdocs\PWD_TPFinal\Vista\imagenes\s24_ultra.webp ... ENCONTRADO

----- Producto: s25 ultra -----
Nombre base generado: s25_ultra
Buscando en dir: C:\xampp\htdocs\PWD_TPFinal\Vista\imagenes\
Base URL candidata: /PWD_TPFinal/Vista/imagenes/
Probando: C:\xampp\htdocs\PWD_TPFinal\Vista\imagenes\s25_ultra.jpg ... ENCONTRADO

----- Producto: s24 ultra -----
Nombre base generado: s24_ultra
Buscando en dir: C:\xampp\htdocs\PWD_TPFinal\Vista\imagenes\
Base URL candidata: /PWD_TPFinal/Vista/imagenes/
Probando: C:\xampp\htdocs\PWD_TPFinal\Vista\imagenes\s24_ultra.jpg ... no existe
Probando: C:\xampp\htdocs\PWD_TPFinal\Vista\imagenes\s24_ultra.jpeg ... no existe
Probando: C:\xampp\htdocs\PWD_TPFinal\Vista\imagenes\s24_ultra.png ... no existe
Probando: C:\xampp\htdocs\PWD_TPFinal\Vista\imagenes\s24_ultra.webp ... ENCONTRADO

----- Producto: s25 ultra -----
Nombre base generado: s25_ultra
Buscando en dir: C:\xampp\htdocs\PWD_TPFinal\Vista\imagenes\
Base URL candidata: /PWD_TPFinal/Vista/imagenes/
Probando: C:\xampp\htdocs\PWD_TPFinal\Vista\imagenes\s25_ultra.jpg ... ENCONTRADO

----- Producto: s24 ultra -----
Nombre base generado: s24_ultra
Buscando en dir: C:\xampp\htdocs\PWD_TPFinal\Vista\imagenes\
Base URL candidata: /PWD_TPFinal/Vista/imagenes/
Probando: C:\xampp\htdocs\PWD_TPFinal\Vista\imagenes\s24_ultra.jpg ... no existe
Probando: C:\xampp\htdocs\PWD_TPFinal\Vista\imagenes\s24_ultra.jpeg ... no existe
Probando: C:\xampp\htdocs\PWD_TPFinal\Vista\imagenes\s24_ultra.png ... no existe
Probando: C:\xampp\htdocs\PWD_TPFinal\Vista\imagenes\s24_ultra.webp ... ENCONTRADO

----- Producto: z fold 6 -----
Nombre base generado: z_fold_6
Buscando en dir: C:\xampp\htdocs\PWD_TPFinal\Vista\imagenes\
Base URL candidata: /PWD_TPFinal/Vista/imagenes/
Probando: C:\xampp\htdocs\PWD_TPFinal\Vista\imagenes\z_fold_6.jpg ... no existe
Probando: C:\xampp\htdocs\PWD_TPFinal\Vista\imagenes\z_fold_6.jpeg ... no existe
Probando: C:\xampp\htdocs\PWD_TPFinal\Vista\imagenes\z_fold_6.png ... ENCONTRADO

----- Producto: pro -----
Nombre base generado: pro
Buscando en dir: C:\xampp\htdocs\PWD_TPFinal\Vista\imagenes\
Base URL candidata: /PWD_TPFinal/Vista/imagenes/
Probando: C:\xampp\htdocs\PWD_TPFinal\Vista\imagenes\pro.jpg ... no existe
Probando: C:\xampp\htdocs\PWD_TPFinal\Vista\imagenes\pro.jpeg ... no existe
Probando: C:\xampp\htdocs\PWD_TPFinal\Vista\imagenes\pro.png ... no existe
Probando: C:\xampp\htdocs\PWD_TPFinal\Vista\imagenes\pro.webp ... no existe
>> Imagen NO encontrada, usando no-image.jpeg

----- Producto: x6 -----
Nombre base generado: x6
Buscando en dir: C:\xampp\htdocs\PWD_TPFinal\Vista\imagenes\
Base URL candidata: /PWD_TPFinal/Vista/imagenes/
Probando: C:\xampp\htdocs\PWD_TPFinal\Vista\imagenes\x6.jpg ... no existe
Probando: C:\xampp\htdocs\PWD_TPFinal\Vista\imagenes\x6.jpeg ... no existe
Probando: C:\xampp\htdocs\PWD_TPFinal\Vista\imagenes\x6.png ... no existe
Probando: C:\xampp\htdocs\PWD_TPFinal\Vista\imagenes\x6.webp ... no existe
>> Imagen NO encontrada, usando no-image.jpeg

----- Producto: xiaomi 13 -----
Nombre base generado: xiaomi_13
Buscando en dir: C:\xampp\htdocs\PWD_TPFinal\Vista\imagenes\
Base URL candidata: /PWD_TPFinal/Vista/imagenes/
Probando: C:\xampp\htdocs\PWD_TPFinal\Vista\imagenes\xiaomi_13.jpg ... ENCONTRADO

----- Producto: pro+ -----
Nombre base generado: pro
Buscando en dir: C:\xampp\htdocs\PWD_TPFinal\Vista\imagenes\
Base URL candidata: /PWD_TPFinal/Vista/imagenes/
Probando: C:\xampp\htdocs\PWD_TPFinal\Vista\imagenes\pro.jpg ... no existe
Probando: C:\xampp\htdocs\PWD_TPFinal\Vista\imagenes\pro.jpeg ... no existe
Probando: C:\xampp\htdocs\PWD_TPFinal\Vista\imagenes\pro.png ... no existe
Probando: C:\xampp\htdocs\PWD_TPFinal\Vista\imagenes\pro.webp ... no existe
>> Imagen NO encontrada, usando no-image.jpeg

----- Producto: ultra -----
Nombre base generado: ultra
Buscando en dir: C:\xampp\htdocs\PWD_TPFinal\Vista\imagenes\
Base URL candidata: /PWD_TPFinal/Vista/imagenes/
Probando: C:\xampp\htdocs\PWD_TPFinal\Vista\imagenes\ultra.jpg ... no existe
Probando: C:\xampp\htdocs\PWD_TPFinal\Vista\imagenes\ultra.jpeg ... no existe
Probando: C:\xampp\htdocs\PWD_TPFinal\Vista\imagenes\ultra.png ... no existe
Probando: C:\xampp\htdocs\PWD_TPFinal\Vista\imagenes\ultra.webp ... no existe
>> Imagen NO encontrada, usando no-image.jpeg

----- Producto: pro -----
Nombre base generado: pro
Buscando en dir: C:\xampp\htdocs\PWD_TPFinal\Vista\imagenes\
Base URL candidata: /PWD_TPFinal/Vista/imagenes/
Probando: C:\xampp\htdocs\PWD_TPFinal\Vista\imagenes\pro.jpg ... no existe
Probando: C:\xampp\htdocs\PWD_TPFinal\Vista\imagenes\pro.jpeg ... no existe
Probando: C:\xampp\htdocs\PWD_TPFinal\Vista\imagenes\pro.png ... no existe
Probando: C:\xampp\htdocs\PWD_TPFinal\Vista\imagenes\pro.webp ... no existe
>> Imagen NO encontrada, usando no-image.jpeg

----- Producto: xiaomi 13 -----
Nombre base generado: xiaomi_13
Buscando en dir: C:\xampp\htdocs\PWD_TPFinal\Vista\imagenes\
Base URL candidata: /PWD_TPFinal/Vista/imagenes/
Probando: C:\xampp\htdocs\PWD_TPFinal\Vista\imagenes\xiaomi_13.jpg ... ENCONTRADO

----- Producto: pro+ -----
Nombre base generado: pro
Buscando en dir: C:\xampp\htdocs\PWD_TPFinal\Vista\imagenes\
Base URL candidata: /PWD_TPFinal/Vista/imagenes/
Probando: C:\xampp\htdocs\PWD_TPFinal\Vista\imagenes\pro.jpg ... no existe
Probando: C:\xampp\htdocs\PWD_TPFinal\Vista\imagenes\pro.jpeg ... no existe
Probando: C:\xampp\htdocs\PWD_TPFinal\Vista\imagenes\pro.png ... no existe
Probando: C:\xampp\htdocs\PWD_TPFinal\Vista\imagenes\pro.webp ... no existe
>> Imagen NO encontrada, usando no-image.jpeg

----- Producto: ultra -----
Nombre base generado: ultra
Buscando en dir: C:\xampp\htdocs\PWD_TPFinal\Vista\imagenes\
Base URL candidata: /PWD_TPFinal/Vista/imagenes/
Probando: C:\xampp\htdocs\PWD_TPFinal\Vista\imagenes\ultra.jpg ... no existe
Probando: C:\xampp\htdocs\PWD_TPFinal\Vista\imagenes\ultra.jpeg ... no existe
Probando: C:\xampp\htdocs\PWD_TPFinal\Vista\imagenes\ultra.png ... no existe
Probando: C:\xampp\htdocs\PWD_TPFinal\Vista\imagenes\ultra.webp ... no existe
>> Imagen NO encontrada, usando no-image.jpeg

----- Producto: pro -----
Nombre base generado: pro
Buscando en dir: C:\xampp\htdocs\PWD_TPFinal\Vista\imagenes\
Base URL candidata: /PWD_TPFinal/Vista/imagenes/
Probando: C:\xampp\htdocs\PWD_TPFinal\Vista\imagenes\pro.jpg ... no existe
Probando: C:\xampp\htdocs\PWD_TPFinal\Vista\imagenes\pro.jpeg ... no existe
Probando: C:\xampp\htdocs\PWD_TPFinal\Vista\imagenes\pro.png ... no existe
Probando: C:\xampp\htdocs\PWD_TPFinal\Vista\imagenes\pro.webp ... no existe
>> Imagen NO encontrada, usando no-image.jpeg

----- Producto: iphone 12 -----
Nombre base generado: iphone_12
Buscando en dir: C:\xampp\htdocs\PWD_TPFinal\Vista\imagenes\
Base URL candidata: /PWD_TPFinal/Vista/imagenes/
Probando: C:\xampp\htdocs\PWD_TPFinal\Vista\imagenes\iphone_12.jpg ... ENCONTRADO

----- Producto: iphone 15 promax -----
Nombre base generado: iphone_15_promax
Buscando en dir: C:\xampp\htdocs\PWD_TPFinal\Vista\imagenes\
Base URL candidata: /PWD_TPFinal/Vista/imagenes/
Probando: C:\xampp\htdocs\PWD_TPFinal\Vista\imagenes\iphone_15_promax.jpg ... ENCONTRADO

----- Producto: 14 -----
Nombre base generado: 14
Buscando en dir: C:\xampp\htdocs\PWD_TPFinal\Vista\imagenes\
Base URL candidata: /PWD_TPFinal/Vista/imagenes/
Probando: C:\xampp\htdocs\PWD_TPFinal\Vista\imagenes\14.jpg ... no existe
Probando: C:\xampp\htdocs\PWD_TPFinal\Vista\imagenes\14.jpeg ... no existe
Probando: C:\xampp\htdocs\PWD_TPFinal\Vista\imagenes\14.png ... no existe
Probando: C:\xampp\htdocs\PWD_TPFinal\Vista\imagenes\14.webp ... no existe
>> Imagen NO encontrada, usando no-image.jpeg

----- Producto: iphone se 2022 -----
Nombre base generado: iphone_se_2022
Buscando en dir: C:\xampp\htdocs\PWD_TPFinal\Vista\imagenes\
Base URL candidata: /PWD_TPFinal/Vista/imagenes/
Probando: C:\xampp\htdocs\PWD_TPFinal\Vista\imagenes\iphone_se_2022.jpg ... ENCONTRADO

----- Producto: iphone 12 -----
Nombre base generado: iphone_12
Buscando en dir: C:\xampp\htdocs\PWD_TPFinal\Vista\imagenes\
Base URL candidata: /PWD_TPFinal/Vista/imagenes/
Probando: C:\xampp\htdocs\PWD_TPFinal\Vista\imagenes\iphone_12.jpg ... ENCONTRADO

----- Producto: iphone 15 promax -----
Nombre base generado: iphone_15_promax
Buscando en dir: C:\xampp\htdocs\PWD_TPFinal\Vista\imagenes\
Base URL candidata: /PWD_TPFinal/Vista/imagenes/
Probando: C:\xampp\htdocs\PWD_TPFinal\Vista\imagenes\iphone_15_promax.jpg ... ENCONTRADO

----- Producto: iphone 14 -----
Nombre base generado: iphone_14
Buscando en dir: C:\xampp\htdocs\PWD_TPFinal\Vista\imagenes\
Base URL candidata: /PWD_TPFinal/Vista/imagenes/
Probando: C:\xampp\htdocs\PWD_TPFinal\Vista\imagenes\iphone_14.jpg ... no existe
Probando: C:\xampp\htdocs\PWD_TPFinal\Vista\imagenes\iphone_14.jpeg ... no existe
Probando: C:\xampp\htdocs\PWD_TPFinal\Vista\imagenes\iphone_14.png ... no existe
Probando: C:\xampp\htdocs\PWD_TPFinal\Vista\imagenes\iphone_14.webp ... ENCONTRADO

----- Producto: iphone se 2022 -----
Nombre base generado: iphone_se_2022
Buscando en dir: C:\xampp\htdocs\PWD_TPFinal\Vista\imagenes\
Base URL candidata: /PWD_TPFinal/Vista/imagenes/
Probando: C:\xampp\htdocs\PWD_TPFinal\Vista\imagenes\iphone_se_2022.jpg ... ENCONTRADO

----- Producto: reno 11 pro -----
Nombre base generado: reno_11_pro
Buscando en dir: C:\xampp\htdocs\PWD_TPFinal\Vista\imagenes\
Base URL candidata: /PWD_TPFinal/Vista/imagenes/
Probando: C:\xampp\htdocs\PWD_TPFinal\Vista\imagenes\reno_11_pro.jpg ... no existe
Probando: C:\xampp\htdocs\PWD_TPFinal\Vista\imagenes\reno_11_pro.jpeg ... ENCONTRADO

----- Producto: find x6 -----
Nombre base generado: find_x6
Buscando en dir: C:\xampp\htdocs\PWD_TPFinal\Vista\imagenes\
Base URL candidata: /PWD_TPFinal/Vista/imagenes/
Probando: C:\xampp\htdocs\PWD_TPFinal\Vista\imagenes\find_x6.jpg ... ENCONTRADO

----- Producto: s25 ultra -----
Nombre base generado: s25_ultra
Buscando en dir: C:\xampp\htdocs\PWD_TPFinal\Vista\imagenes\
Base URL candidata: /PWD_TPFinal/Vista/imagenes/
Probando: C:\xampp\htdocs\PWD_TPFinal\Vista\imagenes\s25_ultra.jpg ... ENCONTRADO

----- Producto: s24 ultra -----
Nombre base generado: s24_ultra
Buscando en dir: C:\xampp\htdocs\PWD_TPFinal\Vista\imagenes\
Base URL candidata: /PWD_TPFinal/Vista/imagenes/
Probando: C:\xampp\htdocs\PWD_TPFinal\Vista\imagenes\s24_ultra.jpg ... no existe
Probando: C:\xampp\htdocs\PWD_TPFinal\Vista\imagenes\s24_ultra.jpeg ... no existe
Probando: C:\xampp\htdocs\PWD_TPFinal\Vista\imagenes\s24_ultra.png ... no existe
Probando: C:\xampp\htdocs\PWD_TPFinal\Vista\imagenes\s24_ultra.webp ... ENCONTRADO

----- Producto: z fold 6 -----
Nombre base generado: z_fold_6
Buscando en dir: C:\xampp\htdocs\PWD_TPFinal\Vista\imagenes\
Base URL candidata: /PWD_TPFinal/Vista/imagenes/
Probando: C:\xampp\htdocs\PWD_TPFinal\Vista\imagenes\z_fold_6.jpg ... no existe
Probando: C:\xampp\htdocs\PWD_TPFinal\Vista\imagenes\z_fold_6.jpeg ... no existe
Probando: C:\xampp\htdocs\PWD_TPFinal\Vista\imagenes\z_fold_6.png ... ENCONTRADO

----- Producto: s24 ultra -----
Nombre base generado: s24_ultra
Buscando en dir: C:\xampp\htdocs\PWD_TPFinal\Vista\imagenes\
Base URL candidata: /PWD_TPFinal/Vista/imagenes/
Probando: C:\xampp\htdocs\PWD_TPFinal\Vista\imagenes\s24_ultra.jpg ... no existe
Probando: C:\xampp\htdocs\PWD_TPFinal\Vista\imagenes\s24_ultra.jpeg ... no existe
Probando: C:\xampp\htdocs\PWD_TPFinal\Vista\imagenes\s24_ultra.png ... no existe
Probando: C:\xampp\htdocs\PWD_TPFinal\Vista\imagenes\s24_ultra.webp ... ENCONTRADO

----- Producto: xiaomi 13 -----
Nombre base generado: xiaomi_13
Buscando en dir: C:\xampp\htdocs\PWD_TPFinal\Vista\imagenes\
Base URL candidata: /PWD_TPFinal/Vista/imagenes/
Probando: C:\xampp\htdocs\PWD_TPFinal\Vista\imagenes\xiaomi_13.jpg ... ENCONTRADO

----- Producto: redmi note 13 pro+ -----
Nombre base generado: redmi_note_13_pro
Buscando en dir: C:\xampp\htdocs\PWD_TPFinal\Vista\imagenes\
Base URL candidata: /PWD_TPFinal/Vista/imagenes/
Probando: C:\xampp\htdocs\PWD_TPFinal\Vista\imagenes\redmi_note_13_pro.jpg ... ENCONTRADO

----- Producto: xiaomi 14 ultra -----
Nombre base generado: xiaomi_14_ultra
Buscando en dir: C:\xampp\htdocs\PWD_TPFinal\Vista\imagenes\
Base URL candidata: /PWD_TPFinal/Vista/imagenes/
Probando: C:\xampp\htdocs\PWD_TPFinal\Vista\imagenes\xiaomi_14_ultra.jpg ... no existe
Probando: C:\xampp\htdocs\PWD_TPFinal\Vista\imagenes\xiaomi_14_ultra.jpeg ... no existe
Probando: C:\xampp\htdocs\PWD_TPFinal\Vista\imagenes\xiaomi_14_ultra.png ... no existe
Probando: C:\xampp\htdocs\PWD_TPFinal\Vista\imagenes\xiaomi_14_ultra.webp ... ENCONTRADO

----- Producto: poco x6 pro -----
Nombre base generado: poco_x6_pro
Buscando en dir: C:\xampp\htdocs\PWD_TPFinal\Vista\imagenes\
Base URL candidata: /PWD_TPFinal/Vista/imagenes/
Probando: C:\xampp\htdocs\PWD_TPFinal\Vista\imagenes\poco_x6_pro.jpg ... ENCONTRADO

----- Producto: iphone 12 -----
Nombre base generado: iphone_12
Buscando en dir: C:\xampp\htdocs\PWD_TPFinal\Vista\imagenes\
Base URL candidata: /PWD_TPFinal/Vista/imagenes/
Probando: C:\xampp\htdocs\PWD_TPFinal\Vista\imagenes\iphone_12.jpg ... ENCONTRADO

----- Producto: iphone 15 promax -----
Nombre base generado: iphone_15_promax
Buscando en dir: C:\xampp\htdocs\PWD_TPFinal\Vista\imagenes\
Base URL candidata: /PWD_TPFinal/Vista/imagenes/
Probando: C:\xampp\htdocs\PWD_TPFinal\Vista\imagenes\iphone_15_promax.jpg ... ENCONTRADO

----- Producto: iphone 14 -----
Nombre base generado: iphone_14
Buscando en dir: C:\xampp\htdocs\PWD_TPFinal\Vista\imagenes\
Base URL candidata: /PWD_TPFinal/Vista/imagenes/
Probando: C:\xampp\htdocs\PWD_TPFinal\Vista\imagenes\iphone_14.jpg ... no existe
Probando: C:\xampp\htdocs\PWD_TPFinal\Vista\imagenes\iphone_14.jpeg ... no existe
Probando: C:\xampp\htdocs\PWD_TPFinal\Vista\imagenes\iphone_14.png ... no existe
Probando: C:\xampp\htdocs\PWD_TPFinal\Vista\imagenes\iphone_14.webp ... ENCONTRADO

----- Producto: iphone se 2022 -----
Nombre base generado: iphone_se_2022
Buscando en dir: C:\xampp\htdocs\PWD_TPFinal\Vista\imagenes\
Base URL candidata: /PWD_TPFinal/Vista/imagenes/
Probando: C:\xampp\htdocs\PWD_TPFinal\Vista\imagenes\iphone_se_2022.jpg ... ENCONTRADO

----- Producto: p60 pro -----
Nombre base generado: p60_pro
Buscando en dir: C:\xampp\htdocs\PWD_TPFinal\Vista\imagenes\
Base URL candidata: /PWD_TPFinal/Vista/imagenes/
Probando: C:\xampp\htdocs\PWD_TPFinal\Vista\imagenes\p60_pro.jpg ... ENCONTRADO

----- Producto: mate 50 -----
Nombre base generado: mate_50
Buscando en dir: C:\xampp\htdocs\PWD_TPFinal\Vista\imagenes\
Base URL candidata: /PWD_TPFinal/Vista/imagenes/
Probando: C:\xampp\htdocs\PWD_TPFinal\Vista\imagenes\mate_50.jpg ... no existe
Probando: C:\xampp\htdocs\PWD_TPFinal\Vista\imagenes\mate_50.jpeg ... ENCONTRADO

----- Producto: pepitos -----
Nombre base generado: pepitos
Buscando en dir: C:\xampp\htdocs\PWD_TPFinal\Vista\imagenes\
Base URL candidata: /PWD_TPFinal/Vista/imagenes/
Probando: C:\xampp\htdocs\PWD_TPFinal\Vista\imagenes\pepitos.jpg ... no existe
Probando: C:\xampp\htdocs\PWD_TPFinal\Vista\imagenes\pepitos.jpeg ... no existe
Probando: C:\xampp\htdocs\PWD_TPFinal\Vista\imagenes\pepitos.png ... no existe
Probando: C:\xampp\htdocs\PWD_TPFinal\Vista\imagenes\pepitos.webp ... ENCONTRADO

----- Producto: pepitos -----
Nombre base generado: pepitos
Buscando en dir: C:\xampp\htdocs\PWD_TPFinal\Vista\imagenes\
Base URL candidata: /PWD_TPFinal/Vista/imagenes/
Probando: C:\xampp\htdocs\PWD_TPFinal\Vista\imagenes\pepitos.jpg ... no existe
Probando: C:\xampp\htdocs\PWD_TPFinal\Vista\imagenes\pepitos.jpeg ... no existe
Probando: C:\xampp\htdocs\PWD_TPFinal\Vista\imagenes\pepitos.png ... no existe
Probando: C:\xampp\htdocs\PWD_TPFinal\Vista\imagenes\pepitos.webp ... ENCONTRADO

----- Producto: pepitos -----
Nombre base generado: pepitos
Buscando en dir: C:\xampp\htdocs\PWD_TPFinal\Vista\imagenes\
Base URL candidata: /PWD_TPFinal/Vista/imagenes/
Probando: C:\xampp\htdocs\PWD_TPFinal\Vista\imagenes\pepitos.jpg ... no existe
Probando: C:\xampp\htdocs\PWD_TPFinal\Vista\imagenes\pepitos.jpeg ... no existe
Probando: C:\xampp\htdocs\PWD_TPFinal\Vista\imagenes\pepitos.png ... no existe
Probando: C:\xampp\htdocs\PWD_TPFinal\Vista\imagenes\pepitos.webp ... ENCONTRADO

----- Producto: pepitos -----
Nombre base generado: pepitos
Buscando en dir: C:\xampp\htdocs\PWD_TPFinal\Vista\imagenes\
Base URL candidata: /PWD_TPFinal/Vista/imagenes/
Probando: C:\xampp\htdocs\PWD_TPFinal\Vista\imagenes\pepitos.jpg ... no existe
Probando: C:\xampp\htdocs\PWD_TPFinal\Vista\imagenes\pepitos.jpeg ... no existe
Probando: C:\xampp\htdocs\PWD_TPFinal\Vista\imagenes\pepitos.png ... no existe
Probando: C:\xampp\htdocs\PWD_TPFinal\Vista\imagenes\pepitos.webp ... ENCONTRADO
